c:\users\sejin\downloads\graduationwork\server\server\x64\release\vc143.pdb
c:\users\sejin\downloads\graduationwork\server\server\x64\release\server.obj
c:\users\sejin\downloads\graduationwork\server\server\x64\release\pch.obj
c:\users\sejin\downloads\graduationwork\server\server\x64\release\overlap.obj
c:\users\sejin\downloads\graduationwork\server\server\x64\release\db.obj
c:\users\sejin\downloads\graduationwork\server\server\x64\release\client.obj
c:\users\sejin\downloads\graduationwork\server\server\x64\release\lockqueue.obj
c:\users\sejin\downloads\graduationwork\server\server\x64\release\roommanager.obj
c:\users\sejin\downloads\graduationwork\server\server\x64\release\room.obj
c:\users\sejin\downloads\graduationwork\server\server\x64\release\iocpserver.obj
c:\users\sejin\downloads\graduationwork\server\server\x64\release\packetmanager.obj
c:\users\sejin\downloads\graduationwork\server\x64\release\server.exe
c:\users\sejin\downloads\graduationwork\server\server\x64\release\server.ipdb
c:\users\sejin\downloads\graduationwork\server\x64\release\server.pdb
c:\users\sejin\downloads\graduationwork\server\server\x64\release\server.iobj
c:\users\sejin\downloads\graduationwork\server\server\x64\release\server.tlog\cl.command.1.tlog
c:\users\sejin\downloads\graduationwork\server\server\x64\release\server.tlog\cl.items.tlog
c:\users\sejin\downloads\graduationwork\server\server\x64\release\server.tlog\cl.read.1.tlog
c:\users\sejin\downloads\graduationwork\server\server\x64\release\server.tlog\cl.write.1.tlog
c:\users\sejin\downloads\graduationwork\server\server\x64\release\server.tlog\link.command.1.tlog
c:\users\sejin\downloads\graduationwork\server\server\x64\release\server.tlog\link.read.1.tlog
c:\users\sejin\downloads\graduationwork\server\server\x64\release\server.tlog\link.write.1.tlog
